  [1m[35m (10.5ms)[0m  [1m[35mCREATE TABLE "schema_migrations" ("version" varchar NOT NULL PRIMARY KEY)[0m
  [1m[35m (0.5ms)[0m  [1m[35mCREATE TABLE "ar_internal_metadata" ("key" varchar NOT NULL PRIMARY KEY, "value" varchar, "created_at" datetime(6) NOT NULL, "updated_at" datetime(6) NOT NULL)[0m
  [1m[36mActiveRecord::InternalMetadata Load (0.3ms)[0m  [1m[34mSELECT * FROM "ar_internal_metadata" WHERE "ar_internal_metadata"."key" = ? ORDER BY "ar_internal_metadata"."key" ASC LIMIT 1[0m  [[nil, "environment"]]
  [1m[36mActiveRecord::InternalMetadata Create (0.4ms)[0m  [1m[32mINSERT INTO "ar_internal_metadata" ("key", "value", "created_at", "updated_at") VALUES ('environment', 'development', '2024-02-09 19:22:01.777055', '2024-02-09 19:22:01.777066') RETURNING "key"[0m
  [1m[36mActiveRecord::SchemaMigration Load (0.2ms)[0m  [1m[34mSELECT "schema_migrations"."version" FROM "schema_migrations" ORDER BY "schema_migrations"."version" ASC[0m
Migrating to CreateTodos (20240209171045)
  [1m[36mTRANSACTION (0.1ms)[0m  [1m[36mbegin transaction[0m
  [1m[35m (3.5ms)[0m  [1m[35mCREATE TABLE "todos" ("id" integer PRIMARY KEY AUTOINCREMENT NOT NULL, "title" varchar, "created_by" varchar, "created_at" datetime(6) NOT NULL, "updated_at" datetime(6) NOT NULL)[0m
  [1m[36mActiveRecord::SchemaMigration Create (0.3ms)[0m  [1m[32mINSERT INTO "schema_migrations" ("version") VALUES ('20240209171045') RETURNING "version"[0m
  [1m[36mTRANSACTION (0.2ms)[0m  [1m[36mcommit transaction[0m
Migrating to CreateItems (20240209171112)
  [1m[36mTRANSACTION (0.1ms)[0m  [1m[36mbegin transaction[0m
  [1m[35m (1.8ms)[0m  [1m[35mCREATE TABLE "items" ("id" integer PRIMARY KEY AUTOINCREMENT NOT NULL, "name" varchar, "done" boolean, "todo_id" integer NOT NULL, "created_at" datetime(6) NOT NULL, "updated_at" datetime(6) NOT NULL, CONSTRAINT "fk_rails_c01e6b449d"
FOREIGN KEY ("todo_id")
  REFERENCES "todos" ("id")
)[0m
  [1m[35m (0.2ms)[0m  [1m[35mCREATE INDEX "index_items_on_todo_id" ON "items" ("todo_id")[0m
  [1m[36mActiveRecord::SchemaMigration Create (0.1ms)[0m  [1m[32mINSERT INTO "schema_migrations" ("version") VALUES ('20240209171112') RETURNING "version"[0m
  [1m[36mTRANSACTION (0.2ms)[0m  [1m[36mcommit transaction[0m
  [1m[36mActiveRecord::SchemaMigration Load (0.1ms)[0m  [1m[34mSELECT "schema_migrations"."version" FROM "schema_migrations" ORDER BY "schema_migrations"."version" ASC[0m
  [1m[36mActiveRecord::InternalMetadata Load (0.1ms)[0m  [1m[34mSELECT * FROM "ar_internal_metadata" WHERE "ar_internal_metadata"."key" = ? ORDER BY "ar_internal_metadata"."key" ASC LIMIT 1[0m  [[nil, "environment"]]
  [1m[36mActiveRecord::SchemaMigration Load (0.1ms)[0m  [1m[34mSELECT "schema_migrations"."version" FROM "schema_migrations" ORDER BY "schema_migrations"."version" ASC[0m
  [1m[36mActiveRecord::SchemaMigration Load (0.0ms)[0m  [1m[34mSELECT "schema_migrations"."version" FROM "schema_migrations" ORDER BY "schema_migrations"."version" ASC[0m
  [1m[36mActiveRecord::InternalMetadata Load (0.2ms)[0m  [1m[34mSELECT * FROM "ar_internal_metadata" WHERE "ar_internal_metadata"."key" = ? ORDER BY "ar_internal_metadata"."key" ASC LIMIT 1[0m  [[nil, "environment"]]
  [1m[36mActiveRecord::SchemaMigration Load (0.1ms)[0m  [1m[34mSELECT "schema_migrations"."version" FROM "schema_migrations" ORDER BY "schema_migrations"."version" ASC[0m
Migrating to CreateTodos (20240209193441)
  [1m[36mTRANSACTION (0.1ms)[0m  [1m[36mbegin transaction[0m
  [1m[35m (0.8ms)[0m  [1m[35mCREATE TABLE "todos" ("id" integer PRIMARY KEY AUTOINCREMENT NOT NULL, "title" varchar, "created_by" varchar, "created_at" datetime(6) NOT NULL, "updated_at" datetime(6) NOT NULL)[0m
  [1m[36mTRANSACTION (0.0ms)[0m  [1m[31mrollback transaction[0m
  [1m[36mActiveRecord::SchemaMigration Load (0.1ms)[0m  [1m[34mSELECT "schema_migrations"."version" FROM "schema_migrations" ORDER BY "schema_migrations"."version" ASC[0m
  [1m[36mActiveRecord::InternalMetadata Load (0.1ms)[0m  [1m[34mSELECT * FROM "ar_internal_metadata" WHERE "ar_internal_metadata"."key" = ? ORDER BY "ar_internal_metadata"."key" ASC LIMIT 1[0m  [[nil, "environment"]]
  [1m[36mActiveRecord::SchemaMigration Load (0.0ms)[0m  [1m[34mSELECT "schema_migrations"."version" FROM "schema_migrations" ORDER BY "schema_migrations"."version" ASC[0m
  [1m[36mActiveRecord::InternalMetadata Load (0.1ms)[0m  [1m[34mSELECT * FROM "ar_internal_metadata" WHERE "ar_internal_metadata"."key" = ? ORDER BY "ar_internal_metadata"."key" ASC LIMIT 1[0m  [[nil, "environment"]]
  [1m[36mActiveRecord::SchemaMigration Load (0.0ms)[0m  [1m[34mSELECT "schema_migrations"."version" FROM "schema_migrations" ORDER BY "schema_migrations"."version" ASC[0m
  [1m[36mActiveRecord::InternalMetadata Load (0.1ms)[0m  [1m[34mSELECT * FROM "ar_internal_metadata" WHERE "ar_internal_metadata"."key" = ? ORDER BY "ar_internal_metadata"."key" ASC LIMIT 1[0m  [[nil, "environment"]]
  [1m[35m (11.3ms)[0m  [1m[35mCREATE TABLE "schema_migrations" ("version" varchar NOT NULL PRIMARY KEY)[0m
  [1m[35m (0.2ms)[0m  [1m[35mCREATE TABLE "ar_internal_metadata" ("key" varchar NOT NULL PRIMARY KEY, "value" varchar, "created_at" datetime(6) NOT NULL, "updated_at" datetime(6) NOT NULL)[0m
  [1m[36mActiveRecord::InternalMetadata Load (0.1ms)[0m  [1m[34mSELECT * FROM "ar_internal_metadata" WHERE "ar_internal_metadata"."key" = ? ORDER BY "ar_internal_metadata"."key" ASC LIMIT 1[0m  [[nil, "environment"]]
  [1m[36mActiveRecord::InternalMetadata Create (0.2ms)[0m  [1m[32mINSERT INTO "ar_internal_metadata" ("key", "value", "created_at", "updated_at") VALUES ('environment', 'development', '2024-02-09 19:36:28.128998', '2024-02-09 19:36:28.129003') RETURNING "key"[0m
  [1m[36mActiveRecord::SchemaMigration Load (0.1ms)[0m  [1m[34mSELECT "schema_migrations"."version" FROM "schema_migrations" ORDER BY "schema_migrations"."version" ASC[0m
Migrating to CreateTodos (20240209193441)
  [1m[36mTRANSACTION (0.1ms)[0m  [1m[36mbegin transaction[0m
  [1m[35m (1.2ms)[0m  [1m[35mCREATE TABLE "todos" ("id" integer PRIMARY KEY AUTOINCREMENT NOT NULL, "title" varchar, "created_by" varchar, "created_at" datetime(6) NOT NULL, "updated_at" datetime(6) NOT NULL)[0m
  [1m[36mActiveRecord::SchemaMigration Create (0.1ms)[0m  [1m[32mINSERT INTO "schema_migrations" ("version") VALUES ('20240209193441') RETURNING "version"[0m
  [1m[36mTRANSACTION (0.1ms)[0m  [1m[36mcommit transaction[0m
Migrating to CreateItems (20240209193527)
  [1m[36mTRANSACTION (0.0ms)[0m  [1m[36mbegin transaction[0m
  [1m[35m (1.2ms)[0m  [1m[35mCREATE TABLE "items" ("id" integer PRIMARY KEY AUTOINCREMENT NOT NULL, "name" varchar, "done" boolean, "todo_id" integer NOT NULL, "created_at" datetime(6) NOT NULL, "updated_at" datetime(6) NOT NULL, CONSTRAINT "fk_rails_c01e6b449d"
FOREIGN KEY ("todo_id")
  REFERENCES "todos" ("id")
)[0m
  [1m[35m (0.1ms)[0m  [1m[35mCREATE INDEX "index_items_on_todo_id" ON "items" ("todo_id")[0m
  [1m[36mActiveRecord::SchemaMigration Create (0.1ms)[0m  [1m[32mINSERT INTO "schema_migrations" ("version") VALUES ('20240209193527') RETURNING "version"[0m
  [1m[36mTRANSACTION (0.1ms)[0m  [1m[36mcommit transaction[0m
  [1m[36mActiveRecord::SchemaMigration Load (0.0ms)[0m  [1m[34mSELECT "schema_migrations"."version" FROM "schema_migrations" ORDER BY "schema_migrations"."version" ASC[0m
  [1m[36mActiveRecord::InternalMetadata Load (0.1ms)[0m  [1m[34mSELECT * FROM "ar_internal_metadata" WHERE "ar_internal_metadata"."key" = ? ORDER BY "ar_internal_metadata"."key" ASC LIMIT 1[0m  [[nil, "environment"]]
  [1m[36mActiveRecord::SchemaMigration Load (0.1ms)[0m  [1m[34mSELECT "schema_migrations"."version" FROM "schema_migrations" ORDER BY "schema_migrations"."version" ASC[0m
  [1m[36mActiveRecord::SchemaMigration Load (0.0ms)[0m  [1m[34mSELECT "schema_migrations"."version" FROM "schema_migrations" ORDER BY "schema_migrations"."version" ASC[0m
  [1m[36mActiveRecord::InternalMetadata Load (0.1ms)[0m  [1m[34mSELECT * FROM "ar_internal_metadata" WHERE "ar_internal_metadata"."key" = ? ORDER BY "ar_internal_metadata"."key" ASC LIMIT 1[0m  [[nil, "environment"]]
  [1m[36mActiveRecord::SchemaMigration Load (0.1ms)[0m  [1m[34mSELECT "schema_migrations"."version" FROM "schema_migrations" ORDER BY "schema_migrations"."version" ASC[0m
  [1m[36mActiveRecord::SchemaMigration Load (0.0ms)[0m  [1m[34mSELECT "schema_migrations"."version" FROM "schema_migrations" ORDER BY "schema_migrations"."version" ASC[0m
  [1m[36mActiveRecord::InternalMetadata Load (0.2ms)[0m  [1m[34mSELECT * FROM "ar_internal_metadata" WHERE "ar_internal_metadata"."key" = ? ORDER BY "ar_internal_metadata"."key" ASC LIMIT 1[0m  [[nil, "environment"]]
  [1m[36mActiveRecord::SchemaMigration Load (0.3ms)[0m  [1m[34mSELECT "schema_migrations"."version" FROM "schema_migrations" ORDER BY "schema_migrations"."version" ASC[0m
Migrating to CreateUsers (20240213150404)
  [1m[36mTRANSACTION (0.1ms)[0m  [1m[36mbegin transaction[0m
  [1m[35m (2.7ms)[0m  [1m[35mCREATE TABLE "users" ("id" integer PRIMARY KEY AUTOINCREMENT NOT NULL, "name" varchar, "email" varchar, "password_digest" varchar, "created_at" datetime(6) NOT NULL, "updated_at" datetime(6) NOT NULL)[0m
  [1m[36mActiveRecord::SchemaMigration Create (0.3ms)[0m  [1m[32mINSERT INTO "schema_migrations" ("version") VALUES ('20240213150404') RETURNING "version"[0m
  [1m[36mTRANSACTION (0.2ms)[0m  [1m[36mcommit transaction[0m
  [1m[36mActiveRecord::SchemaMigration Load (0.1ms)[0m  [1m[34mSELECT "schema_migrations"."version" FROM "schema_migrations" ORDER BY "schema_migrations"."version" ASC[0m
  [1m[36mActiveRecord::SchemaMigration Load (0.1ms)[0m  [1m[34mSELECT "schema_migrations"."version" FROM "schema_migrations" ORDER BY "schema_migrations"."version" ASC[0m
  [1m[36mActiveRecord::InternalMetadata Load (0.1ms)[0m  [1m[34mSELECT * FROM "ar_internal_metadata" WHERE "ar_internal_metadata"."key" = ? ORDER BY "ar_internal_metadata"."key" ASC LIMIT 1[0m  [[nil, "environment"]]
  [1m[36mActiveRecord::SchemaMigration Load (0.0ms)[0m  [1m[34mSELECT "schema_migrations"."version" FROM "schema_migrations" ORDER BY "schema_migrations"."version" ASC[0m
  [1m[36mActiveRecord::InternalMetadata Load (0.1ms)[0m  [1m[34mSELECT * FROM "ar_internal_metadata" WHERE "ar_internal_metadata"."key" = ? ORDER BY "ar_internal_metadata"."key" ASC LIMIT 1[0m  [[nil, "environment"]]
  [1m[36mActiveRecord::SchemaMigration Load (0.0ms)[0m  [1m[34mSELECT "schema_migrations"."version" FROM "schema_migrations" ORDER BY "schema_migrations"."version" ASC[0m
  [1m[36mActiveRecord::InternalMetadata Load (0.1ms)[0m  [1m[34mSELECT * FROM "ar_internal_metadata" WHERE "ar_internal_metadata"."key" = ? ORDER BY "ar_internal_metadata"."key" ASC LIMIT 1[0m  [[nil, "environment"]]
  [1m[35m (0.4ms)[0m  [1m[35mDROP TABLE IF EXISTS "items"[0m
  [1m[35m (10.1ms)[0m  [1m[35mCREATE TABLE "items" ("id" integer PRIMARY KEY AUTOINCREMENT NOT NULL, "name" varchar, "done" boolean, "todo_id" integer NOT NULL, "created_at" datetime(6) NOT NULL, "updated_at" datetime(6) NOT NULL)[0m
  [1m[35m (0.3ms)[0m  [1m[35mCREATE INDEX "index_items_on_todo_id" ON "items" ("todo_id")[0m
  [1m[35m (0.1ms)[0m  [1m[35mDROP TABLE IF EXISTS "todos"[0m
  [1m[35m (0.3ms)[0m  [1m[35mCREATE TABLE "todos" ("id" integer PRIMARY KEY AUTOINCREMENT NOT NULL, "title" varchar, "created_by" varchar, "created_at" datetime(6) NOT NULL, "updated_at" datetime(6) NOT NULL)[0m
  [1m[35m (0.1ms)[0m  [1m[35mDROP TABLE IF EXISTS "users"[0m
  [1m[35m (0.3ms)[0m  [1m[35mCREATE TABLE "users" ("id" integer PRIMARY KEY AUTOINCREMENT NOT NULL, "name" varchar, "email" varchar, "password_digest" varchar, "created_at" datetime(6) NOT NULL, "updated_at" datetime(6) NOT NULL)[0m
  [1m[36mTRANSACTION (0.0ms)[0m  [1m[36mbegin transaction[0m
  [1m[35m (1.6ms)[0m  [1m[35mPRAGMA foreign_keys[0m
  [1m[35m (0.0ms)[0m  [1m[35mPRAGMA defer_foreign_keys[0m
  [1m[35m (0.1ms)[0m  [1m[35mPRAGMA defer_foreign_keys = ON[0m
  [1m[35m (0.0ms)[0m  [1m[35mPRAGMA foreign_keys = OFF[0m
  [1m[35m (0.2ms)[0m  [1m[35mCREATE TEMPORARY TABLE "aitems" ("id" integer PRIMARY KEY AUTOINCREMENT NOT NULL, "name" varchar DEFAULT NULL, "done" boolean DEFAULT NULL, "todo_id" integer NOT NULL, "created_at" datetime(6) NOT NULL, "updated_at" datetime(6) NOT NULL)[0m
  [1m[35m (0.1ms)[0m  [1m[35mCREATE INDEX "tindex_aitems_on_todo_id" ON "aitems" ("todo_id")[0m
  [1m[35m (0.1ms)[0m  [1m[32mINSERT INTO "aitems" ("id","name","done","todo_id","created_at","updated_at")
                     SELECT "id","name","done","todo_id","created_at","updated_at" FROM "items"[0m
  [1m[35m (0.2ms)[0m  [1m[35mDROP TABLE "items"[0m
  [1m[35m (0.1ms)[0m  [1m[35mCREATE TABLE "items" ("id" integer PRIMARY KEY AUTOINCREMENT NOT NULL, "name" varchar DEFAULT NULL, "done" boolean DEFAULT NULL, "todo_id" integer NOT NULL, "created_at" datetime(6) NOT NULL, "updated_at" datetime(6) NOT NULL, CONSTRAINT "fk_rails_c01e6b449d"
FOREIGN KEY ("todo_id")
  REFERENCES "todos" ("id")
)[0m
  [1m[35m (0.1ms)[0m  [1m[35mCREATE INDEX "index_items_on_todo_id" ON "items" ("todo_id")[0m
  [1m[35m (0.1ms)[0m  [1m[32mINSERT INTO "items" ("id","name","done","todo_id","created_at","updated_at")
                     SELECT "id","name","done","todo_id","created_at","updated_at" FROM "aitems"[0m
  [1m[35m (0.1ms)[0m  [1m[35mDROP TABLE "aitems"[0m
  [1m[35m (0.0ms)[0m  [1m[35mPRAGMA defer_foreign_keys = 0[0m
  [1m[35m (0.0ms)[0m  [1m[35mPRAGMA foreign_keys = 1[0m
  [1m[36mTRANSACTION (0.1ms)[0m  [1m[36mcommit transaction[0m
  [1m[35m (0.1ms)[0m  [1m[35mCREATE TABLE "schema_migrations" ("version" varchar NOT NULL PRIMARY KEY)[0m
  [1m[36mActiveRecord::SchemaMigration Load (0.0ms)[0m  [1m[34mSELECT "schema_migrations"."version" FROM "schema_migrations" ORDER BY "schema_migrations"."version" ASC[0m
  [1m[35m (0.1ms)[0m  [1m[32mINSERT INTO "schema_migrations" (version) VALUES (20240213150404)[0m
  [1m[35m (0.1ms)[0m  [1m[32mINSERT INTO "schema_migrations" (version) VALUES
(20240209193527),
(20240209193441);[0m
  [1m[35m (0.2ms)[0m  [1m[35mCREATE TABLE "ar_internal_metadata" ("key" varchar NOT NULL PRIMARY KEY, "value" varchar, "created_at" datetime(6) NOT NULL, "updated_at" datetime(6) NOT NULL)[0m
  [1m[36mActiveRecord::InternalMetadata Load (0.1ms)[0m  [1m[34mSELECT * FROM "ar_internal_metadata" WHERE "ar_internal_metadata"."key" = ? ORDER BY "ar_internal_metadata"."key" ASC LIMIT 1[0m  [[nil, "environment"]]
  [1m[36mActiveRecord::InternalMetadata Create (0.1ms)[0m  [1m[32mINSERT INTO "ar_internal_metadata" ("key", "value", "created_at", "updated_at") VALUES ('environment', 'development', '2024-02-13 15:05:50.140187', '2024-02-13 15:05:50.140192') RETURNING "key"[0m
  [1m[36mActiveRecord::InternalMetadata Load (0.1ms)[0m  [1m[34mSELECT * FROM "ar_internal_metadata" WHERE "ar_internal_metadata"."key" = ? ORDER BY "ar_internal_metadata"."key" ASC LIMIT 1[0m  [[nil, "environment"]]
  [1m[36mActiveRecord::InternalMetadata Update (0.1ms)[0m  [1m[33mUPDATE "ar_internal_metadata" SET "value" = 'test', "updated_at" = '2024-02-13 15:05:50.141654' WHERE "ar_internal_metadata"."key" = 'environment'[0m
  [1m[36mActiveRecord::InternalMetadata Load (0.1ms)[0m  [1m[34mSELECT * FROM "ar_internal_metadata" WHERE "ar_internal_metadata"."key" = ? ORDER BY "ar_internal_metadata"."key" ASC LIMIT 1[0m  [[nil, "schema_sha1"]]
  [1m[36mActiveRecord::InternalMetadata Create (0.1ms)[0m  [1m[32mINSERT INTO "ar_internal_metadata" ("key", "value", "created_at", "updated_at") VALUES ('schema_sha1', 'cb097046f15baf54ecec120b7980d06b22be64fa', '2024-02-13 15:05:50.142766', '2024-02-13 15:05:50.142767') RETURNING "key"[0m
Started GET "/" for ::1 at 2024-02-13 18:40:54 +0200
  [1m[36mActiveRecord::SchemaMigration Load (0.3ms)[0m  [1m[34mSELECT "schema_migrations"."version" FROM "schema_migrations" ORDER BY "schema_migrations"."version" ASC[0m
Processing by Rails::WelcomeController#index as HTML
  Rendering /home/kostas/.asdf/installs/ruby/3.2.2/lib/ruby/gems/3.2.0/gems/railties-7.1.3/lib/rails/templates/rails/welcome/index.html.erb
  Rendered /home/kostas/.asdf/installs/ruby/3.2.2/lib/ruby/gems/3.2.0/gems/railties-7.1.3/lib/rails/templates/rails/welcome/index.html.erb (Duration: 0.8ms | Allocations: 374)
Completed 200 OK in 26ms (Views: 8.9ms | ActiveRecord: 0.0ms | Allocations: 6533)


Started GET "/todos" for ::1 at 2024-02-13 18:41:01 +0200
Processing by TodosController#index as HTML
DEPRECATION WARNING: `Rails.application.secrets` is deprecated in favor of `Rails.application.credentials` and will be removed in Rails 7.2. (called from <class:JsonWebToken> at /home/kostas/todos-api/app/lib/json_web_token.rb:3)
Completed 422 Unprocessable Entity in 2ms (Views: 0.3ms | ActiveRecord: 0.0ms | Allocations: 678)


Started GET "/favicon.ico" for ::1 at 2024-02-13 18:41:02 +0200
  
ActionController::RoutingError (No route matches [GET] "/favicon.ico"):
  
Started GET "/signup" for ::1 at 2024-02-13 18:41:30 +0200
  
ActionController::RoutingError (No route matches [GET] "/signup"):
  
Started GET "/signup%20name=ash%20email=ash@email.com%20password=foobar%20password_confirmation=foobar" for ::1 at 2024-02-13 18:41:35 +0200
  
ActionController::RoutingError (No route matches [GET] "/signup%20name=ash%20email=ash@email.com%20password=foobar%20password_confirmation=foobar"):
  
Started GET "/signup?name=ash&email=ash@email.com&password=[FILTERED]&password_confirmation=[FILTERED]" for ::1 at 2024-02-13 18:43:03 +0200
  
ActionController::RoutingError (No route matches [GET] "/signup"):
  
Started POST "/signup" for ::1 at 2024-02-13 18:54:04 +0200
  [1m[36mActiveRecord::SchemaMigration Load (0.1ms)[0m  [1m[34mSELECT "schema_migrations"."version" FROM "schema_migrations" ORDER BY "schema_migrations"."version" ASC[0m
Processing by UsersController#create as */*
  Parameters: {"name"=>"ash", "email"=>"ash@email.com", "password"=>"[FILTERED]", "password_confirmation"=>"[FILTERED]", "user"=>{"name"=>"ash", "email"=>"ash@email.com"}}
[31mUnpermitted parameter: :user. Context: { controller: UsersController, action: create, request: #<ActionDispatch::Request:0x00007fe23d3af788>, params: {"name"=>"ash", "email"=>"ash@email.com", "password"=>"[FILTERED]", "password_confirmation"=>"[FILTERED]", "controller"=>"users", "action"=>"create", "user"=>{"name"=>"ash", "email"=>"ash@email.com"}} }[0m
  [1m[36mTRANSACTION (0.1ms)[0m  [1m[36mbegin transaction[0m
  ↳ app/controllers/users_controller.rb:6:in `create'
  [1m[36mUser Create (1.5ms)[0m  [1m[32mINSERT INTO "users" ("name", "email", "password_digest", "created_at", "updated_at") VALUES (?, ?, ?, ?, ?) RETURNING "id"[0m  [["name", "ash"], ["email", "ash@email.com"], ["password_digest", "[FILTERED]"], ["created_at", "2024-02-13 16:54:04.758704"], ["updated_at", "2024-02-13 16:54:04.758704"]]
  ↳ app/controllers/users_controller.rb:6:in `create'
  [1m[36mTRANSACTION (30.4ms)[0m  [1m[36mcommit transaction[0m
  ↳ app/controllers/users_controller.rb:6:in `create'
  [1m[36mUser Load (0.1ms)[0m  [1m[34mSELECT "users".* FROM "users" WHERE "users"."email" = ? LIMIT ?[0m  [["email", "ash@email.com"], ["LIMIT", 1]]
  ↳ app/auth/authenticate_user.rb:18:in `user'
DEPRECATION WARNING: `Rails.application.secrets` is deprecated in favor of `Rails.application.credentials` and will be removed in Rails 7.2. (called from <class:JsonWebToken> at /home/kostas/todos-api/app/lib/json_web_token.rb:3)
  [1m[36mCACHE User Load (0.0ms)[0m  [1m[34mSELECT "users".* FROM "users" WHERE "users"."email" = ? LIMIT ?[0m  [["email", "ash@email.com"], ["LIMIT", 1]]
  ↳ app/auth/authenticate_user.rb:18:in `user'
Completed 201 Created in 668ms (Views: 0.2ms | ActiveRecord: 33.6ms | Allocations: 17301)


Started GET "/todos" for ::1 at 2024-02-13 18:55:30 +0200
Processing by TodosController#index as */*
Completed 422 Unprocessable Entity in 1ms (Views: 0.2ms | ActiveRecord: 0.0ms | Allocations: 250)


Started GET "/todos" for ::1 at 2024-02-13 18:56:34 +0200
Processing by TodosController#index as */*
  [1m[36mUser Load (0.3ms)[0m  [1m[34mSELECT "users".* FROM "users" WHERE "users"."id" = ? LIMIT ?[0m  [["id", 1], ["LIMIT", 1]]
  ↳ app/auth/authorize_api_request.rb:20:in `user'
  [1m[36mTodo Load (0.1ms)[0m  [1m[34mSELECT "todos".* FROM "todos" WHERE "todos"."created_by" = ?[0m  [["created_by", "1"]]
  ↳ app/controllers/concerns/response.rb:3:in `json_response'
Completed 200 OK in 20ms (Views: 2.7ms | ActiveRecord: 0.6ms | Allocations: 5962)


Started POST "/todos" for ::1 at 2024-02-13 18:59:18 +0200
Processing by TodosController#create as */*
  Parameters: {"title"=>"Beethoven", "todo"=>{"title"=>"Beethoven"}}
  [1m[36mUser Load (0.2ms)[0m  [1m[34mSELECT "users".* FROM "users" WHERE "users"."id" = ? LIMIT ?[0m  [["id", 1], ["LIMIT", 1]]
  ↳ app/auth/authorize_api_request.rb:20:in `user'
[31mUnpermitted parameter: :todo. Context: { controller: TodosController, action: create, request: #<ActionDispatch::Request:0x00007fe23d58c628>, params: {"title"=>"Beethoven", "controller"=>"todos", "action"=>"create", "todo"=>{"title"=>"Beethoven"}} }[0m
  [1m[36mTRANSACTION (0.2ms)[0m  [1m[36mbegin transaction[0m
  ↳ app/controllers/todos_controller.rb:16:in `create'
  [1m[36mTodo Create (1.3ms)[0m  [1m[32mINSERT INTO "todos" ("title", "created_by", "created_at", "updated_at") VALUES (?, ?, ?, ?) RETURNING "id"[0m  [["title", "Beethoven"], ["created_by", "1"], ["created_at", "2024-02-13 16:59:18.651393"], ["updated_at", "2024-02-13 16:59:18.651393"]]
  ↳ app/controllers/todos_controller.rb:16:in `create'
  [1m[36mTRANSACTION (0.3ms)[0m  [1m[36mcommit transaction[0m
  ↳ app/controllers/todos_controller.rb:16:in `create'
Completed 201 Created in 21ms (Views: 0.4ms | ActiveRecord: 1.9ms | Allocations: 6727)


Started GET "/todos" for ::1 at 2024-02-13 19:03:59 +0200
Processing by TodosController#index as */*
  [1m[36mUser Load (0.2ms)[0m  [1m[34mSELECT "users".* FROM "users" WHERE "users"."id" = ? LIMIT ?[0m  [["id", 1], ["LIMIT", 1]]
  ↳ app/auth/authorize_api_request.rb:20:in `user'
  [1m[36mTodo Load (0.1ms)[0m  [1m[34mSELECT "todos".* FROM "todos" WHERE "todos"."created_by" = ?[0m  [["created_by", "1"]]
  ↳ app/controllers/concerns/response.rb:3:in `json_response'
Completed 200 OK in 3ms (Views: 1.5ms | ActiveRecord: 0.2ms | Allocations: 1240)


Started GET "/auth/login" for ::1 at 2024-02-19 17:38:39 +0200
  [1m[36mActiveRecord::SchemaMigration Load (0.2ms)[0m  [1m[34mSELECT "schema_migrations"."version" FROM "schema_migrations" ORDER BY "schema_migrations"."version" ASC[0m
  
ActionController::RoutingError (No route matches [GET] "/auth/login"):
  
Started POST "/auth/login" for ::1 at 2024-02-19 17:39:03 +0200
Processing by AuthenticationController#authenticate as */*
  Parameters: {"title"=>"Beethoven", "authentication"=>{"title"=>"Beethoven"}}
[31mUnpermitted parameters: :title, :authentication. Context: { controller: AuthenticationController, action: authenticate, request: #<ActionDispatch::Request:0x00007f40fa06c9e8>, params: {"title"=>"Beethoven", "controller"=>"authentication", "action"=>"authenticate", "authentication"=>{"title"=>"Beethoven"}} }[0m
[31mUnpermitted parameters: :title, :authentication. Context: { controller: AuthenticationController, action: authenticate, request: #<ActionDispatch::Request:0x00007f40fa06c9e8>, params: {"title"=>"Beethoven", "controller"=>"authentication", "action"=>"authenticate", "authentication"=>{"title"=>"Beethoven"}} }[0m
  [1m[36mUser Load (0.2ms)[0m  [1m[34mSELECT "users".* FROM "users" WHERE "users"."email" IS NULL LIMIT ?[0m  [["LIMIT", 1]]
  ↳ app/auth/authenticate_user.rb:18:in `user'
Completed 401 Unauthorized in 52ms (Views: 0.2ms | ActiveRecord: 1.4ms | Allocations: 12291)


Started POST "/auth/login" for ::1 at 2024-02-19 17:40:57 +0200
Error occurred while parsing request parameters.
Contents:

{
"title":"Beethoven",
"email"="foo@bar.com",
"password=foobar"
}
Processing by AuthenticationController#authenticate as */*
Completed 400 Bad Request in 1ms (ActiveRecord: 0.0ms | Allocations: 132)


  
ActionDispatch::Http::Parameters::ParseError (Error occurred while parsing request parameters):
  
app/controllers/authentication_controller.rb:13:in `auth_params'
app/controllers/authentication_controller.rb:6:in `authenticate'
Started POST "/auth/login" for ::1 at 2024-02-19 17:41:12 +0200
Error occurred while parsing request parameters.
Contents:

{
"email"="foo@bar.com",
"password=foobar"
}
Processing by AuthenticationController#authenticate as */*
Completed 400 Bad Request in 0ms (ActiveRecord: 0.0ms | Allocations: 113)


  
ActionDispatch::Http::Parameters::ParseError (Error occurred while parsing request parameters):
  
app/controllers/authentication_controller.rb:13:in `auth_params'
app/controllers/authentication_controller.rb:6:in `authenticate'
Started GET "/" for ::1 at 2024-02-23 20:31:10 +0200
  [1m[36mActiveRecord::SchemaMigration Load (0.2ms)[0m  [1m[34mSELECT "schema_migrations"."version" FROM "schema_migrations" ORDER BY "schema_migrations"."version" ASC[0m
Processing by Rails::WelcomeController#index as HTML
  Rendering /home/kostas/.asdf/installs/ruby/3.2.2/lib/ruby/gems/3.2.0/gems/railties-7.1.3/lib/rails/templates/rails/welcome/index.html.erb
  Rendered /home/kostas/.asdf/installs/ruby/3.2.2/lib/ruby/gems/3.2.0/gems/railties-7.1.3/lib/rails/templates/rails/welcome/index.html.erb (Duration: 1.6ms | Allocations: 374)
Completed 200 OK in 631ms (Views: 15.8ms | ActiveRecord: 0.0ms | Allocations: 283852)


Started GET "/" for ::1 at 2024-02-23 20:31:11 +0200
Processing by Rails::WelcomeController#index as HTML
  Rendering /home/kostas/.asdf/installs/ruby/3.2.2/lib/ruby/gems/3.2.0/gems/railties-7.1.3/lib/rails/templates/rails/welcome/index.html.erb
  Rendered /home/kostas/.asdf/installs/ruby/3.2.2/lib/ruby/gems/3.2.0/gems/railties-7.1.3/lib/rails/templates/rails/welcome/index.html.erb (Duration: 0.1ms | Allocations: 13)
Completed 200 OK in 2ms (Views: 1.0ms | ActiveRecord: 0.0ms | Allocations: 188)


Started GET "/login" for ::1 at 2024-02-23 20:31:19 +0200
  
ActionController::RoutingError (No route matches [GET] "/login"):
  
Started GET "/favicon.ico" for ::1 at 2024-02-23 20:31:19 +0200
  
ActionController::RoutingError (No route matches [GET] "/favicon.ico"):
  
Started GET "/" for ::1 at 2024-02-23 20:31:30 +0200
Processing by Rails::WelcomeController#index as HTML
  Rendering /home/kostas/.asdf/installs/ruby/3.2.2/lib/ruby/gems/3.2.0/gems/railties-7.1.3/lib/rails/templates/rails/welcome/index.html.erb
  Rendered /home/kostas/.asdf/installs/ruby/3.2.2/lib/ruby/gems/3.2.0/gems/railties-7.1.3/lib/rails/templates/rails/welcome/index.html.erb (Duration: 0.1ms | Allocations: 13)
Completed 200 OK in 1ms (Views: 0.4ms | ActiveRecord: 0.0ms | Allocations: 184)


Started GET "/api-docs" for ::1 at 2024-02-23 20:31:40 +0200
Started GET "/api-docs/index.html" for ::1 at 2024-02-23 20:31:40 +0200
Started GET "/api-docs/swagger-ui.css" for ::1 at 2024-02-23 20:31:40 +0200
Started GET "/api-docs/swagger-ui-bundle.js" for ::1 at 2024-02-23 20:31:40 +0200
Started GET "/api-docs/swagger-ui-standalone-preset.js" for ::1 at 2024-02-23 20:31:40 +0200
Started GET "/api-docs/v1/swagger.yaml" for ::1 at 2024-02-23 20:31:40 +0200
Started GET "/api-docs/favicon-32x32.png" for ::1 at 2024-02-23 20:31:40 +0200
Started GET "/" for ::1 at 2024-02-23 20:34:57 +0200
Processing by Rails::WelcomeController#index as HTML
  Rendering /home/kostas/.asdf/installs/ruby/3.2.2/lib/ruby/gems/3.2.0/gems/railties-7.1.3/lib/rails/templates/rails/welcome/index.html.erb
  Rendered /home/kostas/.asdf/installs/ruby/3.2.2/lib/ruby/gems/3.2.0/gems/railties-7.1.3/lib/rails/templates/rails/welcome/index.html.erb (Duration: 0.2ms | Allocations: 13)
Completed 200 OK in 1ms (Views: 1.0ms | ActiveRecord: 0.0ms | Allocations: 187)


Started GET "/" for ::1 at 2024-02-23 20:34:58 +0200
Processing by Rails::WelcomeController#index as HTML
  Rendering /home/kostas/.asdf/installs/ruby/3.2.2/lib/ruby/gems/3.2.0/gems/railties-7.1.3/lib/rails/templates/rails/welcome/index.html.erb
  Rendered /home/kostas/.asdf/installs/ruby/3.2.2/lib/ruby/gems/3.2.0/gems/railties-7.1.3/lib/rails/templates/rails/welcome/index.html.erb (Duration: 0.1ms | Allocations: 13)
Completed 200 OK in 1ms (Views: 0.5ms | ActiveRecord: 0.0ms | Allocations: 183)


Started GET "/api-docs" for ::1 at 2024-02-23 20:35:04 +0200
Started GET "/api-docs/index.html" for ::1 at 2024-02-23 20:35:04 +0200
Started GET "/api-docs/swagger-ui.css" for ::1 at 2024-02-23 20:35:04 +0200
Started GET "/api-docs/swagger-ui-bundle.js" for ::1 at 2024-02-23 20:35:04 +0200
Started GET "/api-docs/swagger-ui-standalone-preset.js" for ::1 at 2024-02-23 20:35:04 +0200
Started GET "/api-docs/v1/swagger.yaml" for ::1 at 2024-02-23 20:35:05 +0200
Started GET "/" for ::1 at 2024-02-23 20:39:34 +0200
  [1m[36mActiveRecord::SchemaMigration Load (0.2ms)[0m  [1m[34mSELECT "schema_migrations"."version" FROM "schema_migrations" ORDER BY "schema_migrations"."version" ASC[0m
Processing by Rails::WelcomeController#index as HTML
  Rendering /home/kostas/.asdf/installs/ruby/3.2.2/lib/ruby/gems/3.2.0/gems/railties-7.1.3/lib/rails/templates/rails/welcome/index.html.erb
  Rendered /home/kostas/.asdf/installs/ruby/3.2.2/lib/ruby/gems/3.2.0/gems/railties-7.1.3/lib/rails/templates/rails/welcome/index.html.erb (Duration: 0.8ms | Allocations: 374)
Completed 200 OK in 298ms (Views: 4.7ms | ActiveRecord: 0.0ms | Allocations: 283705)


Started GET "/" for 127.0.0.1 at 2024-06-02 06:53:41 +0300
  [1m[36mActiveRecord::SchemaMigration Load (0.2ms)[0m  [1m[34mSELECT "schema_migrations"."version" FROM "schema_migrations" ORDER BY "schema_migrations"."version" ASC[0m
Processing by Rails::WelcomeController#index as HTML
  Rendering /home/kyriakos/.asdf/installs/ruby/3.2.2/lib/ruby/gems/3.2.0/gems/railties-7.1.3/lib/rails/templates/rails/welcome/index.html.erb
  Rendered /home/kyriakos/.asdf/installs/ruby/3.2.2/lib/ruby/gems/3.2.0/gems/railties-7.1.3/lib/rails/templates/rails/welcome/index.html.erb (Duration: 0.6ms | Allocations: 374)
Completed 200 OK in 1084ms (Views: 6.3ms | ActiveRecord: 0.0ms | Allocations: 975131)


Started GET "/api-docs" for 127.0.0.1 at 2024-06-02 06:54:15 +0300
Started GET "/api-docs/index.html" for 127.0.0.1 at 2024-06-02 06:54:15 +0300
Started GET "/api-docs/swagger-ui.css" for 127.0.0.1 at 2024-06-02 06:54:15 +0300
Started GET "/api-docs/swagger-ui-standalone-preset.js" for 127.0.0.1 at 2024-06-02 06:54:15 +0300
Started GET "/api-docs/swagger-ui-bundle.js" for 127.0.0.1 at 2024-06-02 06:54:15 +0300
Started GET "/api-docs/favicon-16x16.png" for 127.0.0.1 at 2024-06-02 06:54:15 +0300
Started GET "/api-docs/v1/swagger.yaml" for 127.0.0.1 at 2024-06-02 06:54:15 +0300
Started GET "/" for 127.0.0.1 at 2024-06-03 02:59:24 +0300
  [1m[36mActiveRecord::SchemaMigration Load (0.1ms)[0m  [1m[34mSELECT "schema_migrations"."version" FROM "schema_migrations" ORDER BY "schema_migrations"."version" ASC[0m
Processing by Rails::WelcomeController#index as HTML
  Rendering /home/kyriakos/.asdf/installs/ruby/3.2.2/lib/ruby/gems/3.2.0/gems/railties-7.1.3/lib/rails/templates/rails/welcome/index.html.erb
  Rendered /home/kyriakos/.asdf/installs/ruby/3.2.2/lib/ruby/gems/3.2.0/gems/railties-7.1.3/lib/rails/templates/rails/welcome/index.html.erb (Duration: 0.7ms | Allocations: 374)
Completed 200 OK in 321ms (Views: 3.5ms | ActiveRecord: 0.0ms | Allocations: 283725)


Started GET "/todos-api" for 127.0.0.1 at 2024-06-03 02:59:35 +0300
  
ActionController::RoutingError (No route matches [GET] "/todos-api"):
  
Started GET "/favicon.ico" for 127.0.0.1 at 2024-06-03 02:59:35 +0300
  
ActionController::RoutingError (No route matches [GET] "/favicon.ico"):
  
Started GET "/api-docs/" for 127.0.0.1 at 2024-06-03 03:00:26 +0300
Started GET "/api-docs/index.html" for 127.0.0.1 at 2024-06-03 03:00:26 +0300
Started GET "/api-docs/swagger-ui.css" for 127.0.0.1 at 2024-06-03 03:00:26 +0300
Started GET "/api-docs/swagger-ui-standalone-preset.js" for 127.0.0.1 at 2024-06-03 03:00:26 +0300
Started GET "/api-docs/swagger-ui-bundle.js" for 127.0.0.1 at 2024-06-03 03:00:26 +0300
Started GET "/api-docs/favicon-16x16.png" for 127.0.0.1 at 2024-06-03 03:00:26 +0300
Started GET "/api-docs/v1/swagger.yaml" for 127.0.0.1 at 2024-06-03 03:00:26 +0300
Started GET "/" for 127.0.0.1 at 2024-06-03 14:52:09 +0300
  [1m[36mActiveRecord::SchemaMigration Load (0.1ms)[0m  [1m[34mSELECT "schema_migrations"."version" FROM "schema_migrations" ORDER BY "schema_migrations"."version" ASC[0m
Processing by Rails::WelcomeController#index as HTML
  Rendering /home/kyriakos/.asdf/installs/ruby/3.2.2/lib/ruby/gems/3.2.0/gems/railties-7.1.3/lib/rails/templates/rails/welcome/index.html.erb
  Rendered /home/kyriakos/.asdf/installs/ruby/3.2.2/lib/ruby/gems/3.2.0/gems/railties-7.1.3/lib/rails/templates/rails/welcome/index.html.erb (Duration: 0.5ms | Allocations: 374)
Completed 200 OK in 314ms (Views: 3.7ms | ActiveRecord: 0.0ms | Allocations: 283429)


Started GET "/api-docs/" for 127.0.0.1 at 2024-06-03 14:52:16 +0300
Started GET "/api-docs/index.html" for 127.0.0.1 at 2024-06-03 14:52:16 +0300
Started GET "/api-docs/swagger-ui.css" for 127.0.0.1 at 2024-06-03 14:52:16 +0300
Started GET "/api-docs/swagger-ui-standalone-preset.js" for 127.0.0.1 at 2024-06-03 14:52:16 +0300
Started GET "/api-docs/swagger-ui-bundle.js" for 127.0.0.1 at 2024-06-03 14:52:16 +0300
Started GET "/api-docs/favicon-16x16.png" for 127.0.0.1 at 2024-06-03 14:52:16 +0300
Started GET "/api-docs/v1/swagger.yaml" for 127.0.0.1 at 2024-06-03 14:52:16 +0300
Started POST "/signup" for 127.0.0.1 at 2024-06-03 14:54:32 +0300
Processing by UsersController#create as */*
  Parameters: {"name"=>"test", "email"=>"tst@gmail.com", "password"=>"[FILTERED]", "password_confirmation"=>"[FILTERED]", "user"=>{"name"=>"test", "email"=>"tst@gmail.com"}}
[31mUnpermitted parameter: :user. Context: { controller: UsersController, action: create, request: #<ActionDispatch::Request:0x00007dd4c414b060>, params: {"name"=>"test", "email"=>"tst@gmail.com", "password"=>"[FILTERED]", "password_confirmation"=>"[FILTERED]", "controller"=>"users", "action"=>"create", "user"=>{"name"=>"test", "email"=>"tst@gmail.com"}} }[0m
  [1m[36mTRANSACTION (0.1ms)[0m  [1m[36mbegin transaction[0m
  ↳ app/controllers/users_controller.rb:6:in `create'
  [1m[36mUser Create (4.8ms)[0m  [1m[32mINSERT INTO "users" ("name", "email", "password_digest", "created_at", "updated_at") VALUES (?, ?, ?, ?, ?) RETURNING "id"[0m  [["name", "test"], ["email", "tst@gmail.com"], ["password_digest", "[FILTERED]"], ["created_at", "2024-06-03 11:54:32.658798"], ["updated_at", "2024-06-03 11:54:32.658798"]]
  ↳ app/controllers/users_controller.rb:6:in `create'
  [1m[36mTRANSACTION (5.7ms)[0m  [1m[36mcommit transaction[0m
  ↳ app/controllers/users_controller.rb:6:in `create'
  [1m[36mUser Load (0.2ms)[0m  [1m[34mSELECT "users".* FROM "users" WHERE "users"."email" = ? LIMIT ?[0m  [["email", "tst@gmail.com"], ["LIMIT", 1]]
  ↳ app/auth/authenticate_user.rb:18:in `user'
DEPRECATION WARNING: `Rails.application.secrets` is deprecated in favor of `Rails.application.credentials` and will be removed in Rails 7.2. (called from <class:JsonWebToken> at /home/kyriakos/todos-api/app/lib/json_web_token.rb:3)
  [1m[36mCACHE User Load (0.1ms)[0m  [1m[34mSELECT "users".* FROM "users" WHERE "users"."email" = ? LIMIT ?[0m  [["email", "tst@gmail.com"], ["LIMIT", 1]]
  ↳ app/auth/authenticate_user.rb:18:in `user'
[active_model_serializers] Rendered ActiveModel::Serializer::Null with Hash (0.08ms)
Completed 201 Created in 752ms (Views: 2.5ms | ActiveRecord: 12.5ms | Allocations: 17903)


Started POST "/auth/login" for 127.0.0.1 at 2024-06-03 14:55:46 +0300
Processing by AuthenticationController#authenticate as */*
  Parameters: {"email"=>"tst@gmail.com", "password"=>"[FILTERED]", "authentication"=>{"email"=>"tst@gmail.com", "password"=>"[FILTERED]"}}
[31mUnpermitted parameter: :authentication. Context: { controller: AuthenticationController, action: authenticate, request: #<ActionDispatch::Request:0x00007dd4bff5b240>, params: {"email"=>"tst@gmail.com", "password"=>"[FILTERED]", "controller"=>"authentication", "action"=>"authenticate", "authentication"=>{"email"=>"tst@gmail.com", "password"=>"[FILTERED]"}} }[0m
[31mUnpermitted parameter: :authentication. Context: { controller: AuthenticationController, action: authenticate, request: #<ActionDispatch::Request:0x00007dd4bff5b240>, params: {"email"=>"tst@gmail.com", "password"=>"[FILTERED]", "controller"=>"authentication", "action"=>"authenticate", "authentication"=>{"email"=>"tst@gmail.com", "password"=>"[FILTERED]"}} }[0m
  [1m[36mUser Load (0.1ms)[0m  [1m[34mSELECT "users".* FROM "users" WHERE "users"."email" = ? LIMIT ?[0m  [["email", "tst@gmail.com"], ["LIMIT", 1]]
  ↳ app/auth/authenticate_user.rb:18:in `user'
[active_model_serializers] Rendered ActiveModel::Serializer::Null with Hash (0.05ms)
Completed 401 Unauthorized in 218ms (Views: 0.7ms | ActiveRecord: 0.1ms | Allocations: 940)


Started POST "/auth/login" for 127.0.0.1 at 2024-06-03 14:55:54 +0300
Processing by AuthenticationController#authenticate as */*
  Parameters: {"email"=>"tst@gmail.com", "password"=>"[FILTERED]", "authentication"=>{"email"=>"tst@gmail.com", "password"=>"[FILTERED]"}}
[31mUnpermitted parameter: :authentication. Context: { controller: AuthenticationController, action: authenticate, request: #<ActionDispatch::Request:0x00007dd4bff00e80>, params: {"email"=>"tst@gmail.com", "password"=>"[FILTERED]", "controller"=>"authentication", "action"=>"authenticate", "authentication"=>{"email"=>"tst@gmail.com", "password"=>"[FILTERED]"}} }[0m
[31mUnpermitted parameter: :authentication. Context: { controller: AuthenticationController, action: authenticate, request: #<ActionDispatch::Request:0x00007dd4bff00e80>, params: {"email"=>"tst@gmail.com", "password"=>"[FILTERED]", "controller"=>"authentication", "action"=>"authenticate", "authentication"=>{"email"=>"tst@gmail.com", "password"=>"[FILTERED]"}} }[0m
  [1m[36mUser Load (0.1ms)[0m  [1m[34mSELECT "users".* FROM "users" WHERE "users"."email" = ? LIMIT ?[0m  [["email", "tst@gmail.com"], ["LIMIT", 1]]
  ↳ app/auth/authenticate_user.rb:18:in `user'
  [1m[36mCACHE User Load (0.0ms)[0m  [1m[34mSELECT "users".* FROM "users" WHERE "users"."email" = ? LIMIT ?[0m  [["email", "tst@gmail.com"], ["LIMIT", 1]]
  ↳ app/auth/authenticate_user.rb:18:in `user'
[active_model_serializers] Rendered ActiveModel::Serializer::Null with Hash (0.09ms)
Completed 200 OK in 439ms (Views: 0.6ms | ActiveRecord: 0.1ms | Allocations: 1197)


